<?xml version="1.0" encoding="UTF-8"?>
<!-- Generated by org.testng.reporters.JUnitReportReporter -->
<testsuite hostname="WKWIN5154091" failures="0" tests="1" name="com.qa.gorest.testcases.GoRestPost" time="2.822" errors="0" timestamp="2019-12-28T22:10:59 IST" skipped="0">
  <testcase classname="com.qa.gorest.testcases.GoRestPost" name="createUserTest" time="2.822"/>
  <system-out/>
</testsuite> <!-- com.qa.gorest.testcases.GoRestPost -->
