<?xml version="1.0" encoding="UTF-8"?>
<!-- Generated by org.testng.reporters.JUnitReportReporter -->
<testsuite hostname="WKWIN5154091" failures="0" tests="1" name="com.qa.gorest.testcases.GoRestGet" time="2.715" errors="0" timestamp="2019-12-28T20:48:20 IST" skipped="0">
  <testcase classname="com.qa.gorest.testcases.GoRestGet" name="getAllUsersTest" time="2.715"/>
  <system-out/>
</testsuite> <!-- com.qa.gorest.testcases.GoRestGet -->
